This is TeX, Version 3.14159 (Web2C 7.3.1) (format=latex 2001.8.15)  21 MAR 2004 07:20
**./images.tex
(./images.tex
LaTeX2e <1999/12/01> patch level 1
Babel <v3.6Z> and hyphenation patterns for american, french, german, ngerman, n
ohyphenation, loaded.

(/usr/local/share/texmf/tex/latex/base/report.cls
Document Class: report 1999/09/10 v1.4a Standard LaTeX document class
(/usr/local/share/texmf/tex/latex/base/size10.clo
File: size10.clo 1999/09/10 v1.4a Standard LaTeX file (size option)
)
\c@part=\count79
\c@chapter=\count80
\c@section=\count81
\c@subsection=\count82
\c@subsubsection=\count83
\c@paragraph=\count84
\c@subparagraph=\count85
\c@figure=\count86
\c@table=\count87
\abovecaptionskip=\skip41
\belowcaptionskip=\skip42
\bibindent=\dimen102
) (/usr/local/share/texmf/tex/latex/base/ifthen.sty
Package: ifthen 1999/09/10 v1.1b Standard LaTeX ifthen package (DPC)
) (/usr/local/share/texmf/tex/latex/base/makeidx.sty
Package: makeidx 1999/09/17 v1.0l Standard LaTeX package
) (/usr/local/share/texmf/tex/latex/psnfss/times.sty
Package: times 1999/03/29 PSNFSS v.7.2 Times font as default roman : S Rahtz
) (/usr/local/share/texmf/tex/generic/misc/psfig.sty
\@unused=\write3
\ps@stream=\read1
\p@intvaluex=\dimen103
\p@intvaluey=\dimen104
psfig/tex 1.10-dvips
) (/home/jaguar/u0/vern/latex2html/texinputs/html.sty
Package: html 1999/07/19 v1.38 hypertext commands for latex2html (nd, hws, rrm)

\c@lpart=\count88
\c@lchapter=\count89
\c@lsection=\count90
\c@lsubsection=\count91
\c@lsubsubsection=\count92
\c@lparagraph=\count93
\c@lsubparagraph=\count94
\c@lsubsubparagraph=\count95
\ptrfile=\write4
)
\@indexfile=\write5
\openout5 = `images.idx'.

Writing index file images.idx
(/usr/local/share/texmf/tex/latex/graphics/color.sty
Package: color 1999/02/16 v1.0i Standard LaTeX Color (DPC)
(/usr/local/share/texmf/tex/latex/config/color.cfg)
Package color Info: Driver file: dvips.def on input line 125.
(/usr/local/share/texmf/tex/latex/graphics/dvips.def
File: dvips.def 1999/02/16 v3.0i Driver-dependant file (DPC,SPQR)
) (/usr/local/share/texmf/tex/latex/graphics/dvipsnam.def
File: dvipsnam.def 1999/02/16 v3.0i Driver-dependant file (DPC,SPQR)
)) (/usr/local/share/texmf/tex/latex/base/inputenc.sty
Package: inputenc 1999/09/17 v0.992 Input encoding file 
(/usr/local/share/texmf/tex/latex/base/latin1.def
File: latin1.def 1999/09/17 v0.992 Input encoding file 
))
\sizebox=\box26
\lthtmlwrite=\write6
No file images.aux.
\openout1 = `images.aux'.

LaTeX Font Info:    Checking defaults for OML/cmm/m/it on input line 334.
LaTeX Font Info:    ... okay on input line 334.
LaTeX Font Info:    Checking defaults for T1/cmr/m/n on input line 334.
LaTeX Font Info:    ... okay on input line 334.
LaTeX Font Info:    Checking defaults for OT1/cmr/m/n on input line 334.
LaTeX Font Info:    ... okay on input line 334.
LaTeX Font Info:    Checking defaults for OMS/cmsy/m/n on input line 334.
LaTeX Font Info:    ... okay on input line 334.
LaTeX Font Info:    Checking defaults for OMX/cmex/m/n on input line 334.
LaTeX Font Info:    ... okay on input line 334.
LaTeX Font Info:    Checking defaults for U/cmr/m/n on input line 334.
LaTeX Font Info:    ... okay on input line 334.
LaTeX Font Info:    Try loading font information for OT1+ptm on input line 334.

(/usr/local/share/texmf/tex/latex/psnfss/ot1ptm.fd
File: ot1ptm.fd 1998/07/06 Fontinst v1.800 font definitions for OT1/ptm.
)

latex2htmlLength hsize=349.0pt

latex2htmlLength vsize=633.0pt

latex2htmlLength hoffset=0.0pt

latex2htmlLength voffset=0.0pt

latex2htmlLength topmargin=0.0pt

latex2htmlLength topskip=0.00003pt

latex2htmlLength headheight=0.0pt

latex2htmlLength headsep=0.0pt

latex2htmlLength parskip=0.0pt plus 1.0pt

latex2htmlLength oddsidemargin=-10.84006pt

latex2htmlLength evensidemargin=-10.84006pt

LaTeX Font Info:    External font `cmex10' loaded for size
(Font)              <7> on input line 399.
LaTeX Font Info:    External font `cmex10' loaded for size
(Font)              <5> on input line 399.
l2hSize :tex2html_wrap_inline5436:6.74997pt::0.0pt::13.00003pt.
[1



]
l2hSize :tex2html_wrap_inline5438:6.74997pt::0.0pt::8.00003pt.
[2


]
l2hSize :tex2html_wrap_inline5440:6.83331pt::0.0pt::73.23354pt.
[3


]
l2hSize :tex2html_wrap_inline5442:6.83331pt::0.0pt::15.04518pt.
[4


]
l2hSize :tex2html_wrap_inline5444:8.14003pt::0.0pt::13.9723pt.
[5


]
l2hSize :tex2html_wrap_inline5446:8.14003pt::0.0pt::13.9723pt.
[6


]
l2hSize :tex2html_wrap_inline5448:8.14003pt::0.0pt::9.98618pt.
[7


]
l2hSize :tex2html_wrap_inline5450:6.83331pt::0.0pt::41.50558pt.
[8


]
l2hSize :tex2html_wrap_inline5452:6.83331pt::0.0pt::59.23058pt.
[9


]
l2hSize :tex2html_wrap_inline5454:6.83331pt::0.0pt::16.67014pt.
[10


]
l2hSize :tex2html_wrap_inline5456:7.96227pt::0.0pt::7.13895pt.
[11


]
l2hSize :tex2html_wrap_inline5458:6.88586pt::0.0pt::5.09726pt.
[12


]
l2hSize :tex2html_wrap_inline8536:7.24997pt::7.24997pt::4.98616pt.
[13


]
l2hSize :tex2html_wrap_inline8540:7.24997pt::7.24997pt::4.98616pt.
[14


]
l2hSize :tex2html_wrap_inline8614:7.24997pt::7.24997pt::4.98616pt.
[15


]
l2hSize :tex2html_wrap_inline16373:7.24997pt::7.24997pt::21.05557pt.
[16


]
l2hSize :tex2html_wrap_inline16375:6.74997pt::0.0pt::9.28017pt.
[17


]
l2hSize :tex2html_wrap_inline16379:6.74997pt::0.0pt::6.50238pt.
[18


]
l2hSize :tex2html_wrap_inline16393:6.94444pt::0.0pt::6.26161pt.
[19


]
LaTeX Font Info:    Try loading font information for OT1+pcr on input line 614.

(/usr/local/share/texmf/tex/latex/psnfss/ot1pcr.fd
File: ot1pcr.fd 1998/07/06 Fontinst v1.800 font definitions for OT1/pcr.
)
Overfull \hbox (59.0pt too wide) in paragraph at lines 631--631
[]        \OT1/pcr/m/n/10 print fmt("(%s) and (%s)", capture_filter, restrict_f
ilter);[] 
 []

l2hSize :figure22361:203.09998pt::0.0pt::349.0pt.
[20


]
Overfull \hbox (41.0pt too wide) in paragraph at lines 647--647
[]    \OT1/pcr/m/n/10 pkts_recvd: count;       # Number of packets received so 
far.[] 
 []


Overfull \hbox (59.0pt too wide) in paragraph at lines 647--647
[]    \OT1/pcr/m/n/10 pkts_dropped: count;     # Number of packets *reported* d
ropped.[] 
 []


Overfull \hbox (83.0pt too wide) in paragraph at lines 647--647
[]    \OT1/pcr/m/n/10 interface_drops: count;  # Number of drops reported by in
terface(s).[] 
 []

l2hSize :figure22485:83.09998pt::0.0pt::349.0pt.
[21


]
Overfull \hbox (29.0pt too wide) in paragraph at lines 680--680
[]    \OT1/pcr/m/n/10 id: conn_id;        # Originator/responder addresses/port
s.[] 
 []


Overfull \hbox (71.0pt too wide) in paragraph at lines 680--680
[]    \OT1/pcr/m/n/10 duration: interval; # How long it was active (or has been
 so far).[] 
 []


Overfull \hbox (95.0pt too wide) in paragraph at lines 680--680
[]    \OT1/pcr/m/n/10 service: string;    # The service we associate with it (e
.g., "http").[] 
 []


Overfull \hbox (59.0pt too wide) in paragraph at lines 680--680
[]    \OT1/pcr/m/n/10 addl: string;       # Additional information associated w
ith it.[] 
 []


Overfull \hbox (71.0pt too wide) in paragraph at lines 680--680
[]    \OT1/pcr/m/n/10 hot: count;         # How many times we've marked it as s
ensitive.[] 
 []

l2hSize :figure22528:275.09998pt::0.0pt::349.0pt.
[22


]
l2hSize :tex2html_wrap_inline31877:6.83331pt::0.0pt::8.00005pt.
[23


]
l2hSize :tex2html_wrap_inline31879:6.83331pt::0.0pt::8.58684pt.
[24


]
l2hSize :tex2html_wrap_inline31899:7.33331pt::7.33331pt::12.53233pt.
[25


]
l2hSize :tex2html_wrap_inline31901:7.33331pt::7.33331pt::12.51337pt.
[26


]
l2hSize :tex2html_wrap_inline31903:7.33331pt::7.33331pt::11.0695pt.
[27


]
l2hSize :tex2html_wrap_inline31905:7.33331pt::7.33331pt::12.4283pt.
[28


]
l2hSize :tex2html_wrap_inline31927:7.33331pt::7.33331pt::12.44727pt.
[29


]
l2hSize :tex2html_wrap_inline31937:7.33331pt::7.33331pt::11.0792pt.
[30


]
l2hSize :tex2html_wrap_inline31941:7.33331pt::7.33331pt::11.06023pt.
[31


]
l2hSize :tex2html_wrap_inline31943:6.83331pt::0.0pt::9.05698pt.
[32


]
l2hSize :tex2html_wrap_inline31957:7.33331pt::7.33331pt::11.36739pt.
[33


]
l2hSize :tex2html_wrap_inline31961:7.33331pt::7.33331pt::11.34842pt.
[34


]
l2hSize :tex2html_wrap_inline31971:7.24997pt::7.24997pt::5.53128pt.
[35


]
l2hSize :figure23775:263.09998pt::0.0pt::349.0pt.
[36


]
Overfull \hbox (35.0pt too wide) in paragraph at lines 830--830
[]    \OT1/pcr/m/n/10 req_host: string;     # The hostname in the request, if a
ny.[] 
 []


Overfull \hbox (29.0pt too wide) in paragraph at lines 830--830
[]    \OT1/pcr/m/n/10 req_addr: addr;       # The address in the request, if an
y.[] 
 []


Overfull \hbox (59.0pt too wide) in paragraph at lines 830--830
[]    \OT1/pcr/m/n/10 hostname: string;     # The hostname in the answer, or "<
none>".[] 
 []


Overfull \hbox (35.0pt too wide) in paragraph at lines 830--830
[]    \OT1/pcr/m/n/10 addrs: set[addr];     # The addresses in the answer, if a
ny.[] 
 []

l2hSize :figure23860:131.09998pt::0.0pt::349.0pt.
[37


]
Overfull \hbox (41.0pt too wide) in paragraph at lines 858--858
[]    \OT1/pcr/m/n/10 id: count;              # unique number associated w/ ses
sion[] 
 []


Overfull \hbox (71.0pt too wide) in paragraph at lines 858--858
[]    \OT1/pcr/m/n/10 log_if_not_denied: bool;        # unless code 530 on repl
y, log it[] 
 []


Overfull \hbox (71.0pt too wide) in paragraph at lines 858--858
[]    \OT1/pcr/m/n/10 log_if_not_unavail: bool;       # unless code 550 on repl
y, log it[] 
 []

l2hSize :figure24088:131.09998pt::0.0pt::349.0pt.
[38


]
Overfull \hbox (35.0pt too wide) in paragraph at lines 877--877
[]\OT1/pcr/m/n/10 972499885.784104 #26 131.243.70.68/1899 > 64.55.26.206/ftp st
art[] 
 []


Overfull \hbox (5.0pt too wide) in paragraph at lines 877--877
[]\OT1/pcr/m/n/10 972499886.685046 #26 response (220 tuvok.ooc.com FTP server[]
 
 []


Overfull \hbox (23.0pt too wide) in paragraph at lines 877--877
[]    \OT1/pcr/m/n/10 (Version wu-2.6.0(1) Fri Jun 23 09:17:44 EDT 2000) ready.
)[] 
 []


Overfull \hbox (41.0pt too wide) in paragraph at lines 877--877
[]\OT1/pcr/m/n/10 972499889.493020 #26 SIZE /pub/OB/4.0/JOB-4.0.3.zip (213 1675
597)[] 
 []


Overfull \hbox (65.0pt too wide) in paragraph at lines 877--877
[]\OT1/pcr/m/n/10 972499890.135706 #26 *RETR /pub/OB/4.0/JOB-4.0.3.zip, ABOR (c
omplete)[] 
 []


Overfull \hbox (11.0pt too wide) in paragraph at lines 877--877
[]\OT1/pcr/m/n/10 972500055.491045 #26 response (225 ABOR command successful.)[
] 
 []

l2hSize :figure24192:119.53992pt::0.0pt::349.0pt.
[39


]
l2hSize :figure24357:83.53992pt::0.0pt::349.0pt.
[40


]
l2hSize :tex2html_wrap_inline31983:7.24997pt::7.24997pt::16.05556pt.
[41


]
l2hSize :tex2html_wrap_inline31987:7.24997pt::7.24997pt::26.05559pt.
[42


]
l2hSize :tex2html_wrap_inline31989:7.24997pt::7.24997pt::31.0556pt.
[43


]
l2hSize :tex2html_wrap_inline31991:7.24997pt::7.24997pt::8.27783pt.
[44


]
l2hSize :figure25695:59.09998pt::0.0pt::349.0pt.
[45


]
Overfull \hbox (29.0pt too wide) in paragraph at lines 970--970
[]    \OT1/pcr/m/n/10 id: count;                      # the log identifier numb
er[] 
 []


Overfull \hbox (29.0pt too wide) in paragraph at lines 970--970
[]    \OT1/pcr/m/n/10 connection_id: conn_id;         # IP connection informati
on[] 
 []


Overfull \hbox (83.0pt too wide) in paragraph at lines 970--970
[]    \OT1/pcr/m/n/10 version: count;                 # version associated with
 connection[] 
 []


Overfull \hbox (59.0pt too wide) in paragraph at lines 970--970
[]    \OT1/pcr/m/n/10 id_index: string;               # index for associated se
ssionID[] 
 []


Overfull \hbox (131.0pt too wide) in paragraph at lines 970--970
[]    \OT1/pcr/m/n/10 handshake_cipher: count;        # cipher suite client and
 server agreed upon[] 
 []

l2hSize :figure25707:119.09998pt::0.0pt::349.0pt.
[46


]
Overfull \hbox (59.0pt too wide) in paragraph at lines 992--992
[]\OT1/pcr/m/n/10 1046778101.534846 #1 192.168.0.98/32988 > 213.61.126.124/http
s start[] 
 []


Overfull \hbox (2135.0pt too wide) in paragraph at lines 992--992
[]\OT1/pcr/m/n/10 1046778101.534846 #1 cipher suites: SSLv3x_RSA_WITH_RC4_128_M
D5 (0x4), SSLv3x_RSA_FIPS_WITH_3DES_EDE_CBC_SHA (0xFEFF), SSLv3x_RSA_WITH_3DES_
EDE_CBC_SHA (0xA), SSLv3x_RSA_FIPS_WITH_DES_CBC_SHA (0xFEFE), SSLv3x_RSA_WITH_D
ES_CBC_SHA(0x9), SSLv3x_RSA_EXPORT1024_WITH_RC4_56_SHA (0x64), SSLv3x_RSA_EXPOR
T1024_WITH_DES_CBC_SHA (0x62), SSLv3x_RSA_EXPORT_WITH_RC4_40_MD5 (0x3), SSLv3x_
RSA_EXPORT_WITH_RC2_CBC_40_MD5 (0x6),[] 
 []


Overfull \hbox (65.0pt too wide) in paragraph at lines 992--992
[]\OT1/pcr/m/n/10 1046778101.753356 #1 cipher suite: SSLv3x_RSA_WITH_RC4_128_MD
5 (0x4),[] 
 []


Overfull \hbox (749.0pt too wide) in paragraph at lines 992--992
[]\OT1/pcr/m/n/10 1046778101.762601 #1 X.509 server issuer: /C=DE/ST=Hamburg/L=
Hamburg/O=TC TrustCenter for Security in Data Networks GmbH/OU=TC TrustCenter C
lass 3 CA/Email=certificate@trustcenter.de,[] 
 []


Overfull \hbox (521.0pt too wide) in paragraph at lines 992--992
[]\OT1/pcr/m/n/10 1046778101.762601 #1 X.509 server subject: /C=DE/ST=Berlin/O=
Lehmanns Fachbuchhandlung GmbH/OU=Zentrale EDV/CN=www.jfl.de/Email=admin@lehman
ns.de[] 
 []


Overfull \hbox (257.0pt too wide) in paragraph at lines 992--992
[]\OT1/pcr/m/n/10 1046778101.894567 #1 handshake finished, version 3.1, cipher 
suite: SSLv3x_RSA_WITH_RC4_128_MD5 (0x4)[] 
 []

l2hSize :figure25794:155.25494pt::0.0pt::349.0pt.
[47


]
l2hSize :tex2html_wrap_inline31993:7.31989pt::7.31989pt::51.61522pt.
[48


]
Overfull \hbox (41.0pt too wide) in paragraph at lines 1037--1037
[]    \OT1/pcr/m/n/10 is_orig: bool;       # True if current endpoint is origin
ator[] 
 []


Overfull \hbox (95.0pt too wide) in paragraph at lines 1037--1037
[]    \OT1/pcr/m/n/10 payload_size: count; # Payload size of the first pkt of c
urr. endpoint[] 
 []

l2hSize :figure39539:83.09998pt::0.0pt::349.0pt.
[49


]
l2hSize :tex2html_wrap_inline39988:6.83331pt::0.0pt::9.625pt.
[50


]
l2hSize :tex2html_wrap_inline39992:7.33331pt::7.33331pt::17.4028pt.
[51


] (/home/jaguar/u0/vern/bro/bro-doc/index.tex (/home/jaguar/u0/vern/bro/bro-doc
/doc.ind
LaTeX Font Info:    Font shape `OT1/ptm/bx/n' in size <24.88> not available
(Font)              Font shape `OT1/ptm/b/n' tried instead on input line 1.
LaTeX Font Info:    Font shape `OT1/pcr/m/it' in size <10> not available
(Font)              Font shape `OT1/pcr/m/sl' tried instead on input line 1539.

! TeX capacity exceeded, sorry [main memory size=263001].
\par ...@m \@noitemerr {\@@par }\fi \else {\@@par 
                                                  }\fi 
l.2843     \subitem
                    reading, 17
If you really absolutely need more capacity,
you can ask a wizard to enlarge me.

 
Here is how much of TeX's memory you used:
 1313 strings out of 10901
 15527 string characters out of 72380
 263001 words of memory out of 263001
 4278 multiletter control sequences out of 10000+0
 6696 words of font info for 23 fonts, out of 400000 for 1000
 14 hyphenation exceptions out of 1000
 23i,5n,19p,429b,425s stack positions out of 300i,100n,500p,50000b,4000s
Output written on images.dvi (51 pages, 17976 bytes).
